<?xml version="1.0" encoding="UTF-8"?>
<testsuite xmlns:xsi="http://www.w3.org/2001/XMLSchema-instance" xsi:noNamespaceSchemaLocation="https://maven.apache.org/surefire/maven-surefire-plugin/xsd/surefire-test-report-3.0.xsd" version="3.0" name="th.co.carbonedge.api.controller.cart.CartControllerIntegrationTest" time="0.647" tests="2" errors="0" skipped="0" failures="0">
  <properties>
[...]
</properties>
  <testcase name="shouldGetActiveCartByCustomerId" classname="th.co.carbonedge.api.controller.cart.CartControllerIntegrationTest" time="0.144">
    <system-out><![CDATA[2026-04-15T22:52:35.741+07:00  INFO 26191 --- [carbonedge-api] [           main] .b.t.c.SpringBootTestContextBootstrapper : Found @SpringBootConfiguration th.co.carbonedge.api.CarbonedgeApiApplication for test class th.co.carbonedge.api.controller.cart.CartControllerIntegrationTest

  .   ____          _            __ _ _
 /\\ / ___'_ __ _ _(_)_ __  __ _ \ \ \ \
( ( )\___ | '_ | '_| | '_ \/ _` | \ \ \ \
 \\/  ___)| |_)| | | | | || (_| |  ) ) ) )
  '  |____| .__|_| |_|_| |_\__, | / / / /
 =========|_|==============|___/=/_/_/_/

 :: Spring Boot ::                (v3.3.5)

2026-04-15T22:52:35.753+07:00  INFO 26191 --- [carbonedge-api] [           main] .c.c.a.c.c.CartControllerIntegrationTest : Starting CartControllerIntegrationTest using Java 21.0.1 with PID 26191 (started by tonny in /Users/tonny/Workspace/06-CarbonEdge/Coding/api)
2026-04-15T22:52:35.753+07:00  INFO 26191 --- [carbonedge-api] [           main] .c.c.a.c.c.CartControllerIntegrationTest : No active profile set, falling back to 1 default profile: "local"
2026-04-15T22:52:35.837+07:00  INFO 26191 --- [carbonedge-api] [           main] .s.d.r.c.RepositoryConfigurationDelegate : Bootstrapping Spring Data JPA repositories in DEFAULT mode.
2026-04-15T22:52:35.846+07:00  INFO 26191 --- [carbonedge-api] [           main] .s.d.r.c.RepositoryConfigurationDelegate : Finished Spring Data repository scanning in 8 ms. Found 11 JPA repository interfaces.
2026-04-15T22:52:35.878+07:00  INFO 26191 --- [carbonedge-api] [           main] o.hibernate.jpa.internal.util.LogHelper  : HHH000204: Processing PersistenceUnitInfo [name: default]
2026-04-15T22:52:35.879+07:00  INFO 26191 --- [carbonedge-api] [           main] o.h.c.internal.RegionFactoryInitiator    : HHH000026: Second-level cache disabled
2026-04-15T22:52:35.881+07:00  INFO 26191 --- [carbonedge-api] [           main] o.s.o.j.p.SpringPersistenceUnitInfo      : No LoadTimeWeaver setup: ignoring JPA class transformer
2026-04-15T22:52:35.881+07:00  INFO 26191 --- [carbonedge-api] [           main] com.zaxxer.hikari.HikariDataSource       : HikariPool-2 - Starting...
2026-04-15T22:52:35.882+07:00  INFO 26191 --- [carbonedge-api] [           main] com.zaxxer.hikari.pool.HikariPool        : HikariPool-2 - Added connection conn10: url=jdbc:h2:mem:cart-controller-flow user=SA
2026-04-15T22:52:35.882+07:00  INFO 26191 --- [carbonedge-api] [           main] com.zaxxer.hikari.HikariDataSource       : HikariPool-2 - Start completed.
2026-04-15T22:52:35.972+07:00  INFO 26191 --- [carbonedge-api] [           main] o.h.e.t.j.p.i.JtaPlatformInitiator       : HHH000489: No JTA platform available (set 'hibernate.transaction.jta.platform' to enable JTA platform integration)
Hibernate: 
    drop table if exists cart_items cascade 
Hibernate: 
    drop table if exists carts cascade 
Hibernate: 
    drop table if exists categories cascade 
Hibernate: 
    drop table if exists customer_addresses cascade 
Hibernate: 
    drop table if exists customer_email_verification_tokens cascade 
Hibernate: 
    drop table if exists customers cascade 
Hibernate: 
    drop table if exists merchant_addresses cascade 
Hibernate: 
    drop table if exists merchants cascade 
Hibernate: 
    drop table if exists product_images cascade 
Hibernate: 
    drop table if exists product_tags cascade 
Hibernate: 
    drop table if exists products cascade 
Hibernate: 
    drop table if exists thai_amphures cascade 
Hibernate: 
    drop table if exists thai_provinces cascade 
Hibernate: 
    drop table if exists thai_tumbons cascade 
Hibernate: 
    drop table if exists users cascade 
Hibernate: 
    drop table if exists wishlist_items cascade 
Hibernate: 
    drop table if exists wishlists cascade 
Hibernate: 
    create table cart_items (
        item_order_index integer not null,
        line_total numeric(12,2) not null,
        quantity integer not null,
        unit_price numeric(12,2) not null,
        cart_id bigint not null,
        cart_item_id bigint,
        product_id bigint not null,
        sku varchar(100) not null,
        thumbnail_url varchar(1000),
        product_name varchar(255) not null,
        primary key (item_order_index, cart_id)
    )
Hibernate: 
    create table carts (
        discount_amount numeric(12,2) not null,
        subtotal numeric(12,2) not null,
        total_amount numeric(12,2) not null,
        total_items integer not null,
        created_at timestamp(6) with time zone not null,
        id bigint generated by default as identity,
        updated_at timestamp(6) with time zone not null,
        customer_id varchar(255),
        status enum ('ABANDONED','ACTIVE','CHECKED_OUT') not null,
        primary key (id)
    )
Hibernate: 
    create table categories (
        sort_order integer not null,
        created_at timestamp(6) with time zone not null,
        id bigint generated by default as identity,
        parent_id bigint,
        updated_at timestamp(6) with time zone not null,
        image_url varchar(1000),
        description TEXT,
        name varchar(255) not null,
        slug varchar(255) not null,
        status enum ('ACTIVE','ARCHIVED','INACTIVE') not null,
        primary key (id),
        constraint uk_categories_slug unique (slug)
    )
Hibernate: 
    create table customer_addresses (
        address_order_index integer not null,
        country_code varchar(2) not null,
        is_default boolean not null,
        address_id bigint,
        created_at timestamp(6) with time zone not null,
        updated_at timestamp(6) with time zone not null,
        thai_amphure_code varchar(20) not null,
        thai_province_code varchar(20) not null,
        thai_tumbon_code varchar(20),
        recipient_phone varchar(50) not null,
        label varchar(100),
        customer_id varchar(255) not null,
        line1 varchar(255) not null,
        line2 varchar(255),
        recipient_name varchar(255) not null,
        primary key (address_order_index, customer_id)
    )
Hibernate: 
    create table customer_email_verification_tokens (
        created_at timestamp(6) with time zone not null,
        expires_at timestamp(6) with time zone not null,
        id bigint generated by default as identity,
        used_at timestamp(6) with time zone,
        token_hash varchar(64) not null unique,
        customer_id varchar(255) not null,
        primary key (id)
    )
Hibernate: 
    create table customers (
        date_of_birth date,
        is_email_verified boolean not null,
        is_phone_verified boolean not null,
        created_at timestamp(6) with time zone not null,
        updated_at timestamp(6) with time zone not null,
        phone_number varchar(50),
        first_name varchar(100) not null,
        last_name varchar(100) not null,
        display_name varchar(150),
        email varchar(255) not null,
        id varchar(255) not null,
        gender enum ('FEMALE','MALE','OTHER','PREFER_NOT_TO_SAY'),
        status enum ('ACTIVE','INACTIVE','PENDING_VERIFICATION','SUSPENDED') not null,
        primary key (id),
        constraint uk_customers_email unique (email),
        constraint uk_customers_phone_number unique (phone_number)
    )
Hibernate: 
    create table merchant_addresses (
        address_order_index integer not null,
        country_code varchar(2) not null,
        is_default boolean not null,
        address_id bigint,
        created_at timestamp(6) with time zone not null,
        updated_at timestamp(6) with time zone not null,
        thai_amphure_code varchar(20) not null,
        thai_province_code varchar(20) not null,
        thai_tumbon_code varchar(20),
        recipient_phone varchar(50),
        line1 varchar(255) not null,
        line2 varchar(255),
        merchant_id varchar(255) not null,
        recipient_name varchar(255),
        address_type enum ('BILLING','OFFICE','RETURN','WAREHOUSE') not null,
        primary key (address_order_index, merchant_id)
    )
Hibernate: 
    create table merchants (
        commission_rate numeric(7,2),
        currency varchar(3),
        is_official boolean not null,
        rating_average numeric(4,2),
        registered_country varchar(2),
        created_at timestamp(6) with time zone not null,
        updated_at timestamp(6) with time zone not null,
        verified_at timestamp(6) with time zone,
        phone_number varchar(50),
        support_phone varchar(50),
        tax_id varchar(50),
        merchant_code varchar(100) not null,
        cover_image_url varchar(1000),
        logo_url varchar(1000),
        description TEXT,
        email varchar(255),
        id varchar(255) not null,
        legal_name varchar(255),
        shop_name varchar(255) not null,
        shop_slug varchar(255) not null,
        support_email varchar(255),
        business_type enum ('BRAND_OWNER','COMPANY','DISTRIBUTOR','INDIVIDUAL'),
        status enum ('ACTIVE','INACTIVE','PENDING_APPROVAL','REJECTED','SUSPENDED') not null,
        primary key (id),
        constraint uk_merchants_code unique (merchant_code),
        constraint uk_merchants_shop_slug unique (shop_slug),
        constraint uk_merchants_email unique (email),
        constraint uk_merchants_tax_id unique (tax_id)
    )
Hibernate: 
    create table product_images (
        image_order_index integer not null,
        is_primary boolean,
        sort_order integer not null,
        image_id bigint,
        product_id bigint not null,
        alt_text varchar(500),
        image_url varchar(1000) not null,
        primary key (image_order_index, product_id)
    )
Hibernate: 
    create table product_tags (
        tag_order_index integer not null,
        product_id bigint not null,
        tag_value varchar(100) not null,
        primary key (tag_order_index, product_id)
    )
Hibernate: 
    create table products (
        currency varchar(3) not null,
        in_stock boolean not null,
        is_featured boolean not null,
        price numeric(12,2) not null,
        stock_quantity integer not null,
        category_id bigint,
        created_at timestamp(6) with time zone not null,
        id bigint generated by default as identity,
        updated_at timestamp(6) with time zone not null,
        brand varchar(100),
        sku varchar(100) not null,
        short_description varchar(500),
        thumbnail_url varchar(1000),
        description TEXT,
        merchant_id varchar(255),
        name varchar(255) not null,
        slug varchar(255) not null,
        status enum ('ACTIVE','ARCHIVED','DRAFT','INACTIVE','OUT_OF_STOCK') not null,
        primary key (id),
        constraint uk_products_sku unique (sku),
        constraint uk_products_slug unique (slug)
    )
Hibernate: 
    create table thai_amphures (
        code varchar(20) not null,
        thai_province_code varchar(20) not null,
        name_en varchar(150),
        name_th varchar(150) not null,
        primary key (code)
    )
Hibernate: 
    create table thai_provinces (
        code varchar(20) not null,
        name_en varchar(150),
        name_th varchar(150) not null,
        primary key (code)
    )
Hibernate: 
    create table thai_tumbons (
        code varchar(20) not null,
        postal_code varchar(20),
        thai_amphure_code varchar(20) not null,
        name_en varchar(150),
        name_th varchar(150) not null,
        primary key (code)
    )
Hibernate: 
    create table users (
        created_at timestamp(6) with time zone not null,
        updated_at timestamp(6) with time zone not null,
        customer_id varchar(32) not null,
        email varchar(255) not null,
        id varchar(255) not null,
        password_hash varchar(255) not null,
        status enum ('ACTIVE','INACTIVE','PENDING_VERIFICATION','SUSPENDED') not null,
        primary key (id),
        constraint uk_users_customer_id unique (customer_id),
        constraint uk_users_email unique (email)
    )
Hibernate: 
    create table wishlist_items (
        currency varchar(3) not null,
        item_order_index integer not null,
        price numeric(12,2) not null,
        added_at timestamp(6) with time zone not null,
        product_id bigint not null,
        wishlist_id bigint not null,
        wishlist_item_id bigint,
        sku varchar(100) not null,
        thumbnail_url varchar(1000),
        product_name varchar(255) not null,
        primary key (item_order_index, wishlist_id)
    )
Hibernate: 
    create table wishlists (
        created_at timestamp(6) with time zone not null,
        id bigint generated by default as identity,
        updated_at timestamp(6) with time zone not null,
        customer_id varchar(32) not null,
        primary key (id),
        constraint uk_wishlists_customer_id unique (customer_id)
    )
Hibernate: 
    create index idx_customer_email_verification_tokens_customer 
       on customer_email_verification_tokens (customer_id)
Hibernate: 
    alter table if exists cart_items 
       add constraint FKpcttvuq4mxppo8sxggjtn5i2c 
       foreign key (cart_id) 
       references carts
Hibernate: 
    alter table if exists customer_addresses 
       add constraint FKrvr6wl9gll7u98cda18smugp4 
       foreign key (customer_id) 
       references customers
Hibernate: 
    alter table if exists merchant_addresses 
       add constraint FKtjthobk1hnn1ixwdtqyycsh0f 
       foreign key (merchant_id) 
       references merchants
Hibernate: 
    alter table if exists product_images 
       add constraint FKqnq71xsohugpqwf3c9gxmsuy 
       foreign key (product_id) 
       references products
Hibernate: 
    alter table if exists product_tags 
       add constraint FK5rk6s19k3risy7q7wqdr41uss 
       foreign key (product_id) 
       references products
Hibernate: 
    alter table if exists wishlist_items 
       add constraint FKkem9l8vd14pk3cc4elnpl0n00 
       foreign key (wishlist_id) 
       references wishlists
2026-04-15T22:52:35.985+07:00  INFO 26191 --- [carbonedge-api] [           main] j.LocalContainerEntityManagerFactoryBean : Initialized JPA EntityManagerFactory for persistence unit 'default'
2026-04-15T22:52:36.057+07:00  WARN 26191 --- [carbonedge-api] [           main] .s.s.UserDetailsServiceAutoConfiguration : 

Using generated security password: 5b754235-5bf3-4754-bdbc-9f123db76b5f

This generated password is for development use only. Your security configuration must be updated before running your application in production.

2026-04-15T22:52:36.057+07:00  INFO 26191 --- [carbonedge-api] [           main] r$InitializeUserDetailsManagerConfigurer : Global AuthenticationManager configured with UserDetailsService bean with name inMemoryUserDetailsManager
2026-04-15T22:52:36.097+07:00  INFO 26191 --- [carbonedge-api] [           main] o.s.b.a.h2.H2ConsoleAutoConfiguration    : H2 console available at '/h2-console'. Database available at 'jdbc:h2:mem:cart-controller-flow'
2026-04-15T22:52:36.106+07:00  INFO 26191 --- [carbonedge-api] [           main] o.s.b.t.m.w.SpringBootMockServletContext : Initializing Spring TestDispatcherServlet ''
2026-04-15T22:52:36.106+07:00  INFO 26191 --- [carbonedge-api] [           main] o.s.t.web.servlet.TestDispatcherServlet  : Initializing Servlet ''
2026-04-15T22:52:36.106+07:00  INFO 26191 --- [carbonedge-api] [           main] o.s.t.web.servlet.TestDispatcherServlet  : Completed initialization in 0 ms
2026-04-15T22:52:36.110+07:00  INFO 26191 --- [carbonedge-api] [           main] .c.c.a.c.c.CartControllerIntegrationTest : Started CartControllerIntegrationTest in 0.368 seconds (process running for 14.105)
Hibernate: 
    select
        c1_0.id 
    from
        customers c1_0 
    where
        c1_0.email=? 
    fetch
        first ? rows only
Hibernate: 
    select
        c1_0.id 
    from
        customers c1_0 
    where
        c1_0.phone_number=? 
    fetch
        first ? rows only
Hibernate: 
    select
        u1_0.id 
    from
        users u1_0 
    where
        u1_0.customer_id=? 
    fetch
        first ? rows only
Hibernate: 
    select
        u1_0.id 
    from
        users u1_0 
    where
        u1_0.email=? 
    fetch
        first ? rows only
Hibernate: 
    insert 
    into
        customers
        (created_at, date_of_birth, display_name, email, first_name, gender, is_email_verified, is_phone_verified, last_name, phone_number, status, updated_at, id) 
    values
        (?, ?, ?, ?, ?, ?, ?, ?, ?, ?, ?, ?, ?)
Hibernate: 
    insert 
    into
        users
        (created_at, customer_id, email, password_hash, status, updated_at, id) 
    values
        (?, ?, ?, ?, ?, ?, ?)
Hibernate: 
    insert 
    into
        wishlists
        (created_at, customer_id, updated_at, id) 
    values
        (?, ?, ?, default)
Hibernate: 
    select
        cevt1_0.id,
        cevt1_0.created_at,
        cevt1_0.customer_id,
        cevt1_0.expires_at,
        cevt1_0.token_hash,
        cevt1_0.used_at 
    from
        customer_email_verification_tokens cevt1_0 
    where
        cevt1_0.customer_id=? 
        and cevt1_0.used_at is null
Hibernate: 
    insert 
    into
        customer_email_verification_tokens
        (created_at, customer_id, expires_at, token_hash, used_at, id) 
    values
        (?, ?, ?, ?, ?, default)
Hibernate: 
    select
        u1_0.id,
        u1_0.created_at,
        u1_0.customer_id,
        u1_0.email,
        u1_0.password_hash,
        u1_0.status,
        u1_0.updated_at 
    from
        users u1_0 
    where
        u1_0.email=?
Hibernate: 
    select
        c1_0.id,
        c1_0.created_at,
        c1_0.date_of_birth,
        c1_0.display_name,
        c1_0.email,
        c1_0.first_name,
        c1_0.gender,
        c1_0.is_email_verified,
        c1_0.is_phone_verified,
        c1_0.last_name,
        c1_0.phone_number,
        c1_0.status,
        c1_0.updated_at 
    from
        customers c1_0 
    where
        c1_0.id=?
Hibernate: 
    select
        w1_0.id,
        w1_0.created_at,
        w1_0.customer_id,
        w1_0.updated_at 
    from
        wishlists w1_0 
    where
        w1_0.customer_id=?
Hibernate: 
    select
        c1_0.id,
        c1_0.created_at,
        c1_0.customer_id,
        c1_0.discount_amount,
        c1_0.status,
        c1_0.subtotal,
        c1_0.total_amount,
        c1_0.total_items,
        c1_0.updated_at 
    from
        carts c1_0 
    where
        c1_0.customer_id=? 
        and c1_0.status=?
Hibernate: 
    select
        c1_0.id,
        c1_0.created_at,
        c1_0.date_of_birth,
        c1_0.display_name,
        c1_0.email,
        c1_0.first_name,
        c1_0.gender,
        c1_0.is_email_verified,
        c1_0.is_phone_verified,
        c1_0.last_name,
        c1_0.phone_number,
        c1_0.status,
        c1_0.updated_at 
    from
        customers c1_0 
    where
        c1_0.id=? 
        and c1_0.status<>?
Hibernate: 
    select
        c1_0.id,
        c1_0.created_at,
        c1_0.customer_id,
        c1_0.discount_amount,
        c1_0.status,
        c1_0.subtotal,
        c1_0.total_amount,
        c1_0.total_items,
        c1_0.updated_at 
    from
        carts c1_0 
    where
        c1_0.customer_id=? 
        and c1_0.status=?
Hibernate: 
    insert 
    into
        carts
        (created_at, customer_id, discount_amount, status, subtotal, total_amount, total_items, updated_at, id) 
    values
        (?, ?, ?, ?, ?, ?, ?, ?, default)
Hibernate: 
    select
        c1_0.id,
        c1_0.created_at,
        c1_0.date_of_birth,
        c1_0.display_name,
        c1_0.email,
        c1_0.first_name,
        c1_0.gender,
        c1_0.is_email_verified,
        c1_0.is_phone_verified,
        c1_0.last_name,
        c1_0.phone_number,
        c1_0.status,
        c1_0.updated_at 
    from
        customers c1_0 
    where
        c1_0.id=? 
        and c1_0.status<>?
Hibernate: 
    select
        c1_0.id,
        c1_0.created_at,
        c1_0.customer_id,
        c1_0.discount_amount,
        c1_0.status,
        c1_0.subtotal,
        c1_0.total_amount,
        c1_0.total_items,
        c1_0.updated_at 
    from
        carts c1_0 
    where
        c1_0.customer_id=? 
        and c1_0.status=?
Hibernate: 
    select
        i1_0.cart_id,
        i1_0.item_order_index,
        i1_0.cart_item_id,
        i1_0.line_total,
        i1_0.product_id,
        i1_0.product_name,
        i1_0.quantity,
        i1_0.sku,
        i1_0.thumbnail_url,
        i1_0.unit_price 
    from
        cart_items i1_0 
    where
        i1_0.cart_id=?
]]></system-out>
  </testcase>
  <testcase name="customerShouldHaveOnlyOneActiveCart" classname="th.co.carbonedge.api.controller.cart.CartControllerIntegrationTest" time="0.124">
    <system-out><![CDATA[Hibernate: 
    select
        c1_0.id 
    from
        customers c1_0 
    where
        c1_0.email=? 
    fetch
        first ? rows only
Hibernate: 
    select
        c1_0.id 
    from
        customers c1_0 
    where
        c1_0.phone_number=? 
    fetch
        first ? rows only
Hibernate: 
    select
        u1_0.id 
    from
        users u1_0 
    where
        u1_0.customer_id=? 
    fetch
        first ? rows only
Hibernate: 
    select
        u1_0.id 
    from
        users u1_0 
    where
        u1_0.email=? 
    fetch
        first ? rows only
Hibernate: 
    insert 
    into
        customers
        (created_at, date_of_birth, display_name, email, first_name, gender, is_email_verified, is_phone_verified, last_name, phone_number, status, updated_at, id) 
    values
        (?, ?, ?, ?, ?, ?, ?, ?, ?, ?, ?, ?, ?)
Hibernate: 
    insert 
    into
        users
        (created_at, customer_id, email, password_hash, status, updated_at, id) 
    values
        (?, ?, ?, ?, ?, ?, ?)
Hibernate: 
    insert 
    into
        wishlists
        (created_at, customer_id, updated_at, id) 
    values
        (?, ?, ?, default)
Hibernate: 
    select
        cevt1_0.id,
        cevt1_0.created_at,
        cevt1_0.customer_id,
        cevt1_0.expires_at,
        cevt1_0.token_hash,
        cevt1_0.used_at 
    from
        customer_email_verification_tokens cevt1_0 
    where
        cevt1_0.customer_id=? 
        and cevt1_0.used_at is null
Hibernate: 
    insert 
    into
        customer_email_verification_tokens
        (created_at, customer_id, expires_at, token_hash, used_at, id) 
    values
        (?, ?, ?, ?, ?, default)
Hibernate: 
    select
        u1_0.id,
        u1_0.created_at,
        u1_0.customer_id,
        u1_0.email,
        u1_0.password_hash,
        u1_0.status,
        u1_0.updated_at 
    from
        users u1_0 
    where
        u1_0.email=?
Hibernate: 
    select
        c1_0.id,
        c1_0.created_at,
        c1_0.date_of_birth,
        c1_0.display_name,
        c1_0.email,
        c1_0.first_name,
        c1_0.gender,
        c1_0.is_email_verified,
        c1_0.is_phone_verified,
        c1_0.last_name,
        c1_0.phone_number,
        c1_0.status,
        c1_0.updated_at 
    from
        customers c1_0 
    where
        c1_0.id=?
Hibernate: 
    select
        w1_0.id,
        w1_0.created_at,
        w1_0.customer_id,
        w1_0.updated_at 
    from
        wishlists w1_0 
    where
        w1_0.customer_id=?
Hibernate: 
    select
        c1_0.id,
        c1_0.created_at,
        c1_0.customer_id,
        c1_0.discount_amount,
        c1_0.status,
        c1_0.subtotal,
        c1_0.total_amount,
        c1_0.total_items,
        c1_0.updated_at 
    from
        carts c1_0 
    where
        c1_0.customer_id=? 
        and c1_0.status=?
Hibernate: 
    select
        c1_0.id,
        c1_0.created_at,
        c1_0.date_of_birth,
        c1_0.display_name,
        c1_0.email,
        c1_0.first_name,
        c1_0.gender,
        c1_0.is_email_verified,
        c1_0.is_phone_verified,
        c1_0.last_name,
        c1_0.phone_number,
        c1_0.status,
        c1_0.updated_at 
    from
        customers c1_0 
    where
        c1_0.id=? 
        and c1_0.status<>?
Hibernate: 
    select
        c1_0.id,
        c1_0.created_at,
        c1_0.customer_id,
        c1_0.discount_amount,
        c1_0.status,
        c1_0.subtotal,
        c1_0.total_amount,
        c1_0.total_items,
        c1_0.updated_at 
    from
        carts c1_0 
    where
        c1_0.customer_id=? 
        and c1_0.status=?
Hibernate: 
    insert 
    into
        carts
        (created_at, customer_id, discount_amount, status, subtotal, total_amount, total_items, updated_at, id) 
    values
        (?, ?, ?, ?, ?, ?, ?, ?, default)
Hibernate: 
    select
        c1_0.id,
        c1_0.created_at,
        c1_0.date_of_birth,
        c1_0.display_name,
        c1_0.email,
        c1_0.first_name,
        c1_0.gender,
        c1_0.is_email_verified,
        c1_0.is_phone_verified,
        c1_0.last_name,
        c1_0.phone_number,
        c1_0.status,
        c1_0.updated_at 
    from
        customers c1_0 
    where
        c1_0.id=? 
        and c1_0.status<>?
Hibernate: 
    select
        c1_0.id,
        c1_0.created_at,
        c1_0.customer_id,
        c1_0.discount_amount,
        c1_0.status,
        c1_0.subtotal,
        c1_0.total_amount,
        c1_0.total_items,
        c1_0.updated_at 
    from
        carts c1_0 
    where
        c1_0.customer_id=? 
        and c1_0.status=?
]]></system-out>
  </testcase>
</testsuite>